2018/01/20 01:30:28 [error] [exception.CException] CException: SiteController and its behaviors do not have a method or closure named "url". in /var/www/html/invzo/yii-master/framework/base/CComponent.php:266
Stack trace:
#0 /var/www/html/invzo/yii-master/honda_admin/protected/views/layouts/main.php(85): CComponent->__call('url', Array)
#1 /var/www/html/invzo/yii-master/framework/web/CBaseController.php(126): require('/var/www/html/i...')
#2 /var/www/html/invzo/yii-master/framework/web/CBaseController.php(95): CBaseController->renderInternal('/var/www/html/i...', Array, true)
#3 /var/www/html/invzo/yii-master/framework/web/widgets/CContentDecorator.php(76): CBaseController->renderFile('/var/www/html/i...', Array, true)
#4 /var/www/html/invzo/yii-master/framework/web/widgets/CContentDecorator.php(54): CContentDecorator->decorate('<div id="conten...')
#5 /var/www/html/invzo/yii-master/framework/web/widgets/COutputProcessor.php(44): CContentDecorator->processOutput('<div id="conten...')
#6 /var/www/html/invzo/yii-master/framework/web/CBaseController.php(215): COutputProcessor->run()
#7 /var/www/html/invzo/yii-master/framework/web/CBaseController.php(309): CBaseController->endWidget('CContentDecorat...')
#8 /var/www/html/invzo/yii-master/honda_admin/protected/views/layouts/column1.php(6): CBaseController->endContent()
#9 /var/www/html/invzo/yii-master/framework/web/CBaseController.php(126): require('/var/www/html/i...')
#10 /var/www/html/invzo/yii-master/framework/web/CBaseController.php(95): CBaseController->renderInternal('/var/www/html/i...', Array, true)
#11 /var/www/html/invzo/yii-master/framework/web/CController.php(787): CBaseController->renderFile('/var/www/html/i...', Array, true)
#12 /var/www/html/invzo/yii-master/honda_admin/protected/controllers/SiteController.php(32): CController->render('index')
#13 /var/www/html/invzo/yii-master/framework/web/actions/CInlineAction.php(49): SiteController->actionIndex()
#14 /var/www/html/invzo/yii-master/framework/web/CController.php(308): CInlineAction->runWithParams(Array)
#15 /var/www/html/invzo/yii-master/framework/web/CController.php(286): CController->runAction(Object(CInlineAction))
#16 /var/www/html/invzo/yii-master/framework/web/CController.php(265): CController->runActionWithFilters(Object(CInlineAction), Array)
#17 /var/www/html/invzo/yii-master/framework/web/CWebApplication.php(282): CController->run('')
#18 /var/www/html/invzo/yii-master/framework/web/CWebApplication.php(141): CWebApplication->runController('')
#19 /var/www/html/invzo/yii-master/framework/base/CApplication.php(185): CWebApplication->processRequest()
#20 /var/www/html/invzo/yii-master/honda_admin/index.php(13): CApplication->run()
#21 {main}
REQUEST_URI=/invzo/yii-master/honda_admin/index.php
---
2018/01/20 01:31:32 [error] [exception.CHttpException.404] CHttpException: The system is unable to find the requested action "index.html". in /var/www/html/invzo/yii-master/framework/web/CController.php:486
Stack trace:
#0 /var/www/html/invzo/yii-master/framework/web/CController.php(270): CController->missingAction('index.html')
#1 /var/www/html/invzo/yii-master/framework/web/CWebApplication.php(282): CController->run('index.html')
#2 /var/www/html/invzo/yii-master/framework/web/CWebApplication.php(141): CWebApplication->runController('site/index.html')
#3 /var/www/html/invzo/yii-master/framework/base/CApplication.php(185): CWebApplication->processRequest()
#4 /var/www/html/invzo/yii-master/honda_admin/index.php(13): CApplication->run()
#5 {main}
REQUEST_URI=/invzo/yii-master/honda_admin/index.php/site/index.html
HTTP_REFERER=http://localhost/invzo/yii-master/honda_admin/index.php/site/login
---
2018/01/20 11:32:42 [error] [exception.CHttpException.404] CHttpException: The system is unable to find the requested action "certificate". in /var/www/html/invzo/yii-master/framework/web/CController.php:486
Stack trace:
#0 /var/www/html/invzo/yii-master/framework/web/CController.php(270): CController->missingAction('certificate')
#1 /var/www/html/invzo/yii-master/framework/web/CWebApplication.php(282): CController->run('certificate')
#2 /var/www/html/invzo/yii-master/framework/web/CWebApplication.php(141): CWebApplication->runController('site/certificat...')
#3 /var/www/html/invzo/yii-master/framework/base/CApplication.php(185): CWebApplication->processRequest()
#4 /var/www/html/invzo/yii-master/honda_admin/index.php(13): CApplication->run()
#5 {main}
REQUEST_URI=/invzo/yii-master/honda_admin/index.php/site/certificate
---
2018/01/20 11:35:41 [error] [exception.CHttpException.404] CHttpException: The system is unable to find the requested action "certificate". in /var/www/html/invzo/yii-master/framework/web/CController.php:486
Stack trace:
#0 /var/www/html/invzo/yii-master/framework/web/CController.php(270): CController->missingAction('certificate')
#1 /var/www/html/invzo/yii-master/framework/web/CWebApplication.php(282): CController->run('certificate')
#2 /var/www/html/invzo/yii-master/framework/web/CWebApplication.php(141): CWebApplication->runController('site/certificat...')
#3 /var/www/html/invzo/yii-master/framework/base/CApplication.php(185): CWebApplication->processRequest()
#4 /var/www/html/invzo/yii-master/honda_admin/index.php(13): CApplication->run()
#5 {main}
REQUEST_URI=/invzo/yii-master/honda_admin/index.php/site/certificate
---
2018/01/20 11:38:25 [error] [exception.CHttpException.404] CHttpException: The system is unable to find the requested action "configuare". in /var/www/html/invzo/yii-master/framework/web/CController.php:486
Stack trace:
#0 /var/www/html/invzo/yii-master/framework/web/CController.php(270): CController->missingAction('configuare')
#1 /var/www/html/invzo/yii-master/framework/web/CWebApplication.php(282): CController->run('configuare')
#2 /var/www/html/invzo/yii-master/framework/web/CWebApplication.php(141): CWebApplication->runController('site/configuare')
#3 /var/www/html/invzo/yii-master/framework/base/CApplication.php(185): CWebApplication->processRequest()
#4 /var/www/html/invzo/yii-master/honda_admin/index.php(13): CApplication->run()
#5 {main}
REQUEST_URI=/invzo/yii-master/honda_admin/index.php/site/configuare
---
2018/01/20 11:38:32 [error] [exception.CHttpException.404] CHttpException: The system is unable to find the requested action "images". in /var/www/html/invzo/yii-master/framework/web/CController.php:486
Stack trace:
#0 /var/www/html/invzo/yii-master/framework/web/CController.php(270): CController->missingAction('images')
#1 /var/www/html/invzo/yii-master/framework/web/CWebApplication.php(282): CController->run('images')
#2 /var/www/html/invzo/yii-master/framework/web/CWebApplication.php(141): CWebApplication->runController('site/images/426...')
#3 /var/www/html/invzo/yii-master/framework/base/CApplication.php(185): CWebApplication->processRequest()
#4 /var/www/html/invzo/yii-master/honda_admin/index.php(13): CApplication->run()
#5 {main}
REQUEST_URI=/invzo/yii-master/honda_admin/index.php/site/images/42645306.jpg
HTTP_REFERER=http://localhost/invzo/yii-master/honda_admin/index.php/site/configure
---
2018/01/20 12:14:08 [error] [php] Undefined variable: model (/var/www/html/invzo/yii-master/honda_admin/protected/views/site/index.php:24)
Stack trace:
#0 /var/www/html/invzo/yii-master/framework/web/CController.php(872): SiteController->renderFile()
#1 /var/www/html/invzo/yii-master/framework/web/CController.php(785): SiteController->renderPartial()
#2 /var/www/html/invzo/yii-master/honda_admin/protected/controllers/SiteController.php(41): SiteController->render()
#3 /var/www/html/invzo/yii-master/framework/web/actions/CInlineAction.php(49): SiteController->actionIndex()
#4 /var/www/html/invzo/yii-master/framework/web/CController.php(308): CInlineAction->runWithParams()
#5 /var/www/html/invzo/yii-master/framework/web/CController.php(286): SiteController->runAction()
#6 /var/www/html/invzo/yii-master/framework/web/CController.php(265): SiteController->runActionWithFilters()
#7 /var/www/html/invzo/yii-master/framework/web/CWebApplication.php(282): SiteController->run()
#8 /var/www/html/invzo/yii-master/framework/web/CWebApplication.php(141): CWebApplication->runController()
#9 /var/www/html/invzo/yii-master/framework/base/CApplication.php(185): CWebApplication->processRequest()
#10 /var/www/html/invzo/yii-master/honda_admin/index.php(13): CWebApplication->run()
REQUEST_URI=/invzo/yii-master/honda_admin/index.php/site/index
in /var/www/html/invzo/yii-master/honda_admin/protected/views/site/index.php (24)
in /var/www/html/invzo/yii-master/honda_admin/protected/controllers/SiteController.php (41)
in /var/www/html/invzo/yii-master/honda_admin/index.php (13)
2018/01/20 12:28:05 [error] [exception.CException] CException: Property "Certificates.certificate_file" is not defined. in /var/www/html/invzo/yii-master/framework/base/CComponent.php:130
Stack trace:
#0 /var/www/html/invzo/yii-master/framework/web/helpers/CHtml.php(2747): CComponent->__get('certificate_fil...')
#1 /var/www/html/invzo/yii-master/framework/web/helpers/CHtml.php(2470): CHtml::resolveValue(Object(Certificates), 'certificate_fil...')
#2 /var/www/html/invzo/yii-master/framework/web/helpers/CHtml.php(1540): CHtml::activeInputField('text', Object(Certificates), 'certificate_fil...', Array)
#3 /var/www/html/invzo/yii-master/framework/web/widgets/CActiveForm.php(792): CHtml::activeTextField(Object(Certificates), 'certificate_fil...', Array)
#4 /var/www/html/invzo/yii-master/honda_admin/protected/views/site/index.php(31): CActiveForm->textField(Object(Certificates), 'certificate_fil...', Array)
#5 /var/www/html/invzo/yii-master/framework/web/CBaseController.php(126): require('/var/www/html/i...')
#6 /var/www/html/invzo/yii-master/framework/web/CBaseController.php(95): CBaseController->renderInternal('/var/www/html/i...', Array, true)
#7 /var/www/html/invzo/yii-master/framework/web/CController.php(872): CBaseController->renderFile('/var/www/html/i...', Array, true)
#8 /var/www/html/invzo/yii-master/framework/web/CController.php(785): CController->renderPartial('index', Array, true)
#9 /var/www/html/invzo/yii-master/honda_admin/protected/controllers/SiteController.php(41): CController->render('index', Array)
#10 /var/www/html/invzo/yii-master/framework/web/actions/CInlineAction.php(49): SiteController->actionIndex()
#11 /var/www/html/invzo/yii-master/framework/web/CController.php(308): CInlineAction->runWithParams(Array)
#12 /var/www/html/invzo/yii-master/framework/web/CController.php(286): CController->runAction(Object(CInlineAction))
#13 /var/www/html/invzo/yii-master/framework/web/CController.php(265): CController->runActionWithFilters(Object(CInlineAction), Array)
#14 /var/www/html/invzo/yii-master/framework/web/CWebApplication.php(282): CController->run('index')
#15 /var/www/html/invzo/yii-master/framework/web/CWebApplication.php(141): CWebApplication->runController('site/index')
#16 /var/www/html/invzo/yii-master/framework/base/CApplication.php(185): CWebApplication->processRequest()
#17 /var/www/html/invzo/yii-master/honda_admin/index.php(13): CApplication->run()
#18 {main}
REQUEST_URI=/invzo/yii-master/honda_admin/index.php/site/index
---
2018/01/20 12:28:49 [error] [exception.CException] CException: Property "Certificates. 	template_file" is not defined. in /var/www/html/invzo/yii-master/framework/base/CComponent.php:130
Stack trace:
#0 /var/www/html/invzo/yii-master/framework/web/helpers/CHtml.php(2747): CComponent->__get(' \ttemplate_file')
#1 /var/www/html/invzo/yii-master/framework/web/helpers/CHtml.php(2470): CHtml::resolveValue(Object(Certificates), ' \ttemplate_file')
#2 /var/www/html/invzo/yii-master/framework/web/helpers/CHtml.php(1540): CHtml::activeInputField('text', Object(Certificates), ' \ttemplate_file', Array)
#3 /var/www/html/invzo/yii-master/framework/web/widgets/CActiveForm.php(792): CHtml::activeTextField(Object(Certificates), ' \ttemplate_file', Array)
#4 /var/www/html/invzo/yii-master/honda_admin/protected/views/site/index.php(31): CActiveForm->textField(Object(Certificates), ' \ttemplate_file', Array)
#5 /var/www/html/invzo/yii-master/framework/web/CBaseController.php(126): require('/var/www/html/i...')
#6 /var/www/html/invzo/yii-master/framework/web/CBaseController.php(95): CBaseController->renderInternal('/var/www/html/i...', Array, true)
#7 /var/www/html/invzo/yii-master/framework/web/CController.php(872): CBaseController->renderFile('/var/www/html/i...', Array, true)
#8 /var/www/html/invzo/yii-master/framework/web/CController.php(785): CController->renderPartial('index', Array, true)
#9 /var/www/html/invzo/yii-master/honda_admin/protected/controllers/SiteController.php(41): CController->render('index', Array)
#10 /var/www/html/invzo/yii-master/framework/web/actions/CInlineAction.php(49): SiteController->actionIndex()
#11 /var/www/html/invzo/yii-master/framework/web/CController.php(308): CInlineAction->runWithParams(Array)
#12 /var/www/html/invzo/yii-master/framework/web/CController.php(286): CController->runAction(Object(CInlineAction))
#13 /var/www/html/invzo/yii-master/framework/web/CController.php(265): CController->runActionWithFilters(Object(CInlineAction), Array)
#14 /var/www/html/invzo/yii-master/framework/web/CWebApplication.php(282): CController->run('index')
#15 /var/www/html/invzo/yii-master/framework/web/CWebApplication.php(141): CWebApplication->runController('site/index')
#16 /var/www/html/invzo/yii-master/framework/base/CApplication.php(185): CWebApplication->processRequest()
#17 /var/www/html/invzo/yii-master/honda_admin/index.php(13): CApplication->run()
#18 {main}
REQUEST_URI=/invzo/yii-master/honda_admin/index.php/site/index
---
2018/01/20 12:29:45 [error] [exception.CException] CException: CActiveForm and its behaviors do not have a method or closure named "file". in /var/www/html/invzo/yii-master/framework/base/CComponent.php:266
Stack trace:
#0 /var/www/html/invzo/yii-master/honda_admin/protected/views/site/index.php(31): CComponent->__call('file', Array)
#1 /var/www/html/invzo/yii-master/framework/web/CBaseController.php(126): require('/var/www/html/i...')
#2 /var/www/html/invzo/yii-master/framework/web/CBaseController.php(95): CBaseController->renderInternal('/var/www/html/i...', Array, true)
#3 /var/www/html/invzo/yii-master/framework/web/CController.php(872): CBaseController->renderFile('/var/www/html/i...', Array, true)
#4 /var/www/html/invzo/yii-master/framework/web/CController.php(785): CController->renderPartial('index', Array, true)
#5 /var/www/html/invzo/yii-master/honda_admin/protected/controllers/SiteController.php(41): CController->render('index', Array)
#6 /var/www/html/invzo/yii-master/framework/web/actions/CInlineAction.php(49): SiteController->actionIndex()
#7 /var/www/html/invzo/yii-master/framework/web/CController.php(308): CInlineAction->runWithParams(Array)
#8 /var/www/html/invzo/yii-master/framework/web/CController.php(286): CController->runAction(Object(CInlineAction))
#9 /var/www/html/invzo/yii-master/framework/web/CController.php(265): CController->runActionWithFilters(Object(CInlineAction), Array)
#10 /var/www/html/invzo/yii-master/framework/web/CWebApplication.php(282): CController->run('index')
#11 /var/www/html/invzo/yii-master/framework/web/CWebApplication.php(141): CWebApplication->runController('site/index')
#12 /var/www/html/invzo/yii-master/framework/base/CApplication.php(185): CWebApplication->processRequest()
#13 /var/www/html/invzo/yii-master/honda_admin/index.php(13): CApplication->run()
#14 {main}
REQUEST_URI=/invzo/yii-master/honda_admin/index.php/site/index
---
2018/01/20 12:31:33 [error] [exception.CException] CException: CActiveForm and its behaviors do not have a method or closure named "activeFileField". in /var/www/html/invzo/yii-master/framework/base/CComponent.php:266
Stack trace:
#0 /var/www/html/invzo/yii-master/honda_admin/protected/views/site/index.php(31): CComponent->__call('activeFileField', Array)
#1 /var/www/html/invzo/yii-master/framework/web/CBaseController.php(126): require('/var/www/html/i...')
#2 /var/www/html/invzo/yii-master/framework/web/CBaseController.php(95): CBaseController->renderInternal('/var/www/html/i...', Array, true)
#3 /var/www/html/invzo/yii-master/framework/web/CController.php(872): CBaseController->renderFile('/var/www/html/i...', Array, true)
#4 /var/www/html/invzo/yii-master/framework/web/CController.php(785): CController->renderPartial('index', Array, true)
#5 /var/www/html/invzo/yii-master/honda_admin/protected/controllers/SiteController.php(41): CController->render('index', Array)
#6 /var/www/html/invzo/yii-master/framework/web/actions/CInlineAction.php(49): SiteController->actionIndex()
#7 /var/www/html/invzo/yii-master/framework/web/CController.php(308): CInlineAction->runWithParams(Array)
#8 /var/www/html/invzo/yii-master/framework/web/CController.php(286): CController->runAction(Object(CInlineAction))
#9 /var/www/html/invzo/yii-master/framework/web/CController.php(265): CController->runActionWithFilters(Object(CInlineAction), Array)
#10 /var/www/html/invzo/yii-master/framework/web/CWebApplication.php(282): CController->run('index')
#11 /var/www/html/invzo/yii-master/framework/web/CWebApplication.php(141): CWebApplication->runController('site/index')
#12 /var/www/html/invzo/yii-master/framework/base/CApplication.php(185): CWebApplication->processRequest()
#13 /var/www/html/invzo/yii-master/honda_admin/index.php(13): CApplication->run()
#14 {main}
REQUEST_URI=/invzo/yii-master/honda_admin/index.php/site/index
---
2018/01/20 12:31:35 [error] [exception.CException] CException: CActiveForm and its behaviors do not have a method or closure named "activeFileField". in /var/www/html/invzo/yii-master/framework/base/CComponent.php:266
Stack trace:
#0 /var/www/html/invzo/yii-master/honda_admin/protected/views/site/index.php(31): CComponent->__call('activeFileField', Array)
#1 /var/www/html/invzo/yii-master/framework/web/CBaseController.php(126): require('/var/www/html/i...')
#2 /var/www/html/invzo/yii-master/framework/web/CBaseController.php(95): CBaseController->renderInternal('/var/www/html/i...', Array, true)
#3 /var/www/html/invzo/yii-master/framework/web/CController.php(872): CBaseController->renderFile('/var/www/html/i...', Array, true)
#4 /var/www/html/invzo/yii-master/framework/web/CController.php(785): CController->renderPartial('index', Array, true)
#5 /var/www/html/invzo/yii-master/honda_admin/protected/controllers/SiteController.php(41): CController->render('index', Array)
#6 /var/www/html/invzo/yii-master/framework/web/actions/CInlineAction.php(49): SiteController->actionIndex()
#7 /var/www/html/invzo/yii-master/framework/web/CController.php(308): CInlineAction->runWithParams(Array)
#8 /var/www/html/invzo/yii-master/framework/web/CController.php(286): CController->runAction(Object(CInlineAction))
#9 /var/www/html/invzo/yii-master/framework/web/CController.php(265): CController->runActionWithFilters(Object(CInlineAction), Array)
#10 /var/www/html/invzo/yii-master/framework/web/CWebApplication.php(282): CController->run('index')
#11 /var/www/html/invzo/yii-master/framework/web/CWebApplication.php(141): CWebApplication->runController('site/index')
#12 /var/www/html/invzo/yii-master/framework/base/CApplication.php(185): CWebApplication->processRequest()
#13 /var/www/html/invzo/yii-master/honda_admin/index.php(13): CApplication->run()
#14 {main}
REQUEST_URI=/invzo/yii-master/honda_admin/index.php/site/index
---
2018/01/20 12:40:47 [warning] [application] Failed to set unsafe attribute "description" of "Certificates".
in /var/www/html/invzo/yii-master/honda_admin/protected/controllers/SiteController.php (31)
in /var/www/html/invzo/yii-master/honda_admin/index.php (13)
2018/01/20 12:40:47 [error] [exception.Error] Error: Call to undefined function dd() in /var/www/html/invzo/yii-master/honda_admin/protected/controllers/SiteController.php:32
Stack trace:
#0 /var/www/html/invzo/yii-master/framework/web/actions/CInlineAction.php(49): SiteController->actionIndex()
#1 /var/www/html/invzo/yii-master/framework/web/CController.php(308): CInlineAction->runWithParams(Array)
#2 /var/www/html/invzo/yii-master/framework/web/CController.php(286): CController->runAction(Object(CInlineAction))
#3 /var/www/html/invzo/yii-master/framework/web/CController.php(265): CController->runActionWithFilters(Object(CInlineAction), Array)
#4 /var/www/html/invzo/yii-master/framework/web/CWebApplication.php(282): CController->run('index')
#5 /var/www/html/invzo/yii-master/framework/web/CWebApplication.php(141): CWebApplication->runController('site/index')
#6 /var/www/html/invzo/yii-master/framework/base/CApplication.php(185): CWebApplication->processRequest()
#7 /var/www/html/invzo/yii-master/honda_admin/index.php(13): CApplication->run()
#8 {main}
REQUEST_URI=/invzo/yii-master/honda_admin/index.php/site/index
HTTP_REFERER=http://localhost/invzo/yii-master/honda_admin/index.php/site/index
---
2018/01/20 12:42:27 [warning] [application] Failed to set unsafe attribute "description" of "Certificates".
in /var/www/html/invzo/yii-master/honda_admin/protected/controllers/SiteController.php (31)
in /var/www/html/invzo/yii-master/honda_admin/index.php (17)
2018/01/20 12:42:27 [error] [exception.CException] CException: Property "Certificates.validate" is not defined. in /var/www/html/invzo/yii-master/framework/base/CComponent.php:130
Stack trace:
#0 /var/www/html/invzo/yii-master/honda_admin/protected/controllers/SiteController.php(32): CComponent->__get('validate')
#1 /var/www/html/invzo/yii-master/framework/web/actions/CInlineAction.php(49): SiteController->actionIndex()
#2 /var/www/html/invzo/yii-master/framework/web/CController.php(308): CInlineAction->runWithParams(Array)
#3 /var/www/html/invzo/yii-master/framework/web/CController.php(286): CController->runAction(Object(CInlineAction))
#4 /var/www/html/invzo/yii-master/framework/web/CController.php(265): CController->runActionWithFilters(Object(CInlineAction), Array)
#5 /var/www/html/invzo/yii-master/framework/web/CWebApplication.php(282): CController->run('index')
#6 /var/www/html/invzo/yii-master/framework/web/CWebApplication.php(141): CWebApplication->runController('site/index')
#7 /var/www/html/invzo/yii-master/framework/base/CApplication.php(185): CWebApplication->processRequest()
#8 /var/www/html/invzo/yii-master/honda_admin/index.php(17): CApplication->run()
#9 {main}
REQUEST_URI=/invzo/yii-master/honda_admin/index.php/site/index
HTTP_REFERER=http://localhost/invzo/yii-master/honda_admin/index.php/site/index
---
2018/01/20 12:42:44 [warning] [application] Failed to set unsafe attribute "description" of "Certificates".
in /var/www/html/invzo/yii-master/honda_admin/protected/controllers/SiteController.php (31)
in /var/www/html/invzo/yii-master/honda_admin/index.php (17)
2018/01/20 12:43:17 [warning] [application] Failed to set unsafe attribute "description" of "Certificates".
in /var/www/html/invzo/yii-master/honda_admin/protected/controllers/SiteController.php (31)
in /var/www/html/invzo/yii-master/honda_admin/index.php (17)
2018/01/20 12:43:30 [warning] [application] Failed to set unsafe attribute "description" of "Certificates".
in /var/www/html/invzo/yii-master/honda_admin/protected/controllers/SiteController.php (31)
in /var/www/html/invzo/yii-master/honda_admin/index.php (17)
2018/01/20 12:45:04 [warning] [application] Failed to set unsafe attribute "description" of "Certificates".
in /var/www/html/invzo/yii-master/honda_admin/protected/controllers/SiteController.php (31)
in /var/www/html/invzo/yii-master/honda_admin/index.php (17)
2018/01/20 12:48:00 [warning] [application] Failed to set unsafe attribute "description" of "Certificates".
in /var/www/html/invzo/yii-master/honda_admin/protected/controllers/SiteController.php (31)
in /var/www/html/invzo/yii-master/honda_admin/index.php (17)
2018/01/20 12:48:11 [warning] [application] Failed to set unsafe attribute "description" of "Certificates".
in /var/www/html/invzo/yii-master/honda_admin/protected/controllers/SiteController.php (31)
in /var/www/html/invzo/yii-master/honda_admin/index.php (17)
2018/01/20 21:11:58 [error] [exception.CException] CException: Certificates has an invalid validation rule. The rule must specify attributes to be validated and the validator name. in /var/www/html/invzo/yii-master/framework/base/CModel.php:289
Stack trace:
#0 /var/www/html/invzo/yii-master/framework/base/CModel.php(260): CModel->createValidators()
#1 /var/www/html/invzo/yii-master/framework/web/helpers/CHtml.php(2454): CModel->getValidators('name')
#2 /var/www/html/invzo/yii-master/framework/web/helpers/CHtml.php(1540): CHtml::activeInputField('text', Object(Certificates), 'name', Array)
#3 /var/www/html/invzo/yii-master/framework/web/widgets/CActiveForm.php(792): CHtml::activeTextField(Object(Certificates), 'name', Array)
#4 /var/www/html/invzo/yii-master/honda_admin/protected/views/site/index.php(24): CActiveForm->textField(Object(Certificates), 'name', Array)
#5 /var/www/html/invzo/yii-master/framework/web/CBaseController.php(126): require('/var/www/html/i...')
#6 /var/www/html/invzo/yii-master/framework/web/CBaseController.php(95): CBaseController->renderInternal('/var/www/html/i...', Array, true)
#7 /var/www/html/invzo/yii-master/framework/web/CController.php(872): CBaseController->renderFile('/var/www/html/i...', Array, true)
#8 /var/www/html/invzo/yii-master/framework/web/CController.php(785): CController->renderPartial('index', Array, true)
#9 /var/www/html/invzo/yii-master/honda_admin/protected/controllers/SiteController.php(40): CController->render('index', Array)
#10 /var/www/html/invzo/yii-master/framework/web/actions/CInlineAction.php(49): SiteController->actionIndex()
#11 /var/www/html/invzo/yii-master/framework/web/CController.php(308): CInlineAction->runWithParams(Array)
#12 /var/www/html/invzo/yii-master/framework/web/CController.php(286): CController->runAction(Object(CInlineAction))
#13 /var/www/html/invzo/yii-master/framework/web/CController.php(265): CController->runActionWithFilters(Object(CInlineAction), Array)
#14 /var/www/html/invzo/yii-master/framework/web/CWebApplication.php(282): CController->run('')
#15 /var/www/html/invzo/yii-master/framework/web/CWebApplication.php(141): CWebApplication->runController('')
#16 /var/www/html/invzo/yii-master/framework/base/CApplication.php(185): CWebApplication->processRequest()
#17 /var/www/html/invzo/yii-master/honda_admin/index.php(17): CApplication->run()
#18 {main}
REQUEST_URI=/invzo/yii-master/honda_admin/index.php
---
2018/01/20 21:12:30 [error] [exception.CException] CException: Certificates has an invalid validation rule. The rule must specify attributes to be validated and the validator name. in /var/www/html/invzo/yii-master/framework/base/CModel.php:289
Stack trace:
#0 /var/www/html/invzo/yii-master/framework/base/CModel.php(260): CModel->createValidators()
#1 /var/www/html/invzo/yii-master/framework/web/helpers/CHtml.php(2454): CModel->getValidators('name')
#2 /var/www/html/invzo/yii-master/framework/web/helpers/CHtml.php(1540): CHtml::activeInputField('text', Object(Certificates), 'name', Array)
#3 /var/www/html/invzo/yii-master/framework/web/widgets/CActiveForm.php(792): CHtml::activeTextField(Object(Certificates), 'name', Array)
#4 /var/www/html/invzo/yii-master/honda_admin/protected/views/site/index.php(24): CActiveForm->textField(Object(Certificates), 'name', Array)
#5 /var/www/html/invzo/yii-master/framework/web/CBaseController.php(126): require('/var/www/html/i...')
#6 /var/www/html/invzo/yii-master/framework/web/CBaseController.php(95): CBaseController->renderInternal('/var/www/html/i...', Array, true)
#7 /var/www/html/invzo/yii-master/framework/web/CController.php(872): CBaseController->renderFile('/var/www/html/i...', Array, true)
#8 /var/www/html/invzo/yii-master/framework/web/CController.php(785): CController->renderPartial('index', Array, true)
#9 /var/www/html/invzo/yii-master/honda_admin/protected/controllers/SiteController.php(40): CController->render('index', Array)
#10 /var/www/html/invzo/yii-master/framework/web/actions/CInlineAction.php(49): SiteController->actionIndex()
#11 /var/www/html/invzo/yii-master/framework/web/CController.php(308): CInlineAction->runWithParams(Array)
#12 /var/www/html/invzo/yii-master/framework/web/CController.php(286): CController->runAction(Object(CInlineAction))
#13 /var/www/html/invzo/yii-master/framework/web/CController.php(265): CController->runActionWithFilters(Object(CInlineAction), Array)
#14 /var/www/html/invzo/yii-master/framework/web/CWebApplication.php(282): CController->run('index')
#15 /var/www/html/invzo/yii-master/framework/web/CWebApplication.php(141): CWebApplication->runController('site/index')
#16 /var/www/html/invzo/yii-master/framework/base/CApplication.php(185): CWebApplication->processRequest()
#17 /var/www/html/invzo/yii-master/honda_admin/index.php(17): CApplication->run()
#18 {main}
REQUEST_URI=/invzo/yii-master/honda_admin/index.php/site/index
---
2018/01/20 21:47:00 [error] [php] include(string.php): failed to open stream: No such file or directory (/var/www/html/invzo/yii-master/framework/YiiBase.php:432)
Stack trace:
#0 unknown(0): spl_autoload_call()
#1 /var/www/html/invzo/yii-master/framework/YiiBase.php(303): class_exists()
#2 /var/www/html/invzo/yii-master/framework/validators/CValidator.php(174): import()
#3 /var/www/html/invzo/yii-master/framework/base/CModel.php(287): createValidator()
#4 /var/www/html/invzo/yii-master/framework/base/CModel.php(260): Certificates->createValidators()
#5 /var/www/html/invzo/yii-master/framework/web/helpers/CHtml.php(2454): Certificates->getValidators()
#6 /var/www/html/invzo/yii-master/framework/web/helpers/CHtml.php(1540): activeInputField()
#7 /var/www/html/invzo/yii-master/framework/web/widgets/CActiveForm.php(792): activeTextField()
#8 /var/www/html/invzo/yii-master/honda_admin/protected/views/site/index.php(24): CActiveForm->textField()
#9 /var/www/html/invzo/yii-master/framework/web/CBaseController.php(126): require()
#10 /var/www/html/invzo/yii-master/framework/web/CBaseController.php(95): SiteController->renderInternal()
#11 /var/www/html/invzo/yii-master/framework/web/CController.php(872): SiteController->renderFile()
#12 /var/www/html/invzo/yii-master/framework/web/CController.php(785): SiteController->renderPartial()
#13 /var/www/html/invzo/yii-master/honda_admin/protected/controllers/SiteController.php(40): SiteController->render()
#14 /var/www/html/invzo/yii-master/framework/web/actions/CInlineAction.php(49): SiteController->actionIndex()
#15 /var/www/html/invzo/yii-master/framework/web/CController.php(308): CInlineAction->runWithParams()
#16 /var/www/html/invzo/yii-master/framework/web/CController.php(286): SiteController->runAction()
#17 /var/www/html/invzo/yii-master/framework/web/CController.php(265): SiteController->runActionWithFilters()
#18 /var/www/html/invzo/yii-master/framework/web/CWebApplication.php(282): SiteController->run()
#19 /var/www/html/invzo/yii-master/framework/web/CWebApplication.php(141): CWebApplication->runController()
#20 /var/www/html/invzo/yii-master/framework/base/CApplication.php(185): CWebApplication->processRequest()
#21 /var/www/html/invzo/yii-master/honda_admin/index.php(17): CWebApplication->run()
REQUEST_URI=/invzo/yii-master/honda_admin/index.php/site/index
in /var/www/html/invzo/yii-master/honda_admin/protected/views/site/index.php (24)
in /var/www/html/invzo/yii-master/honda_admin/protected/controllers/SiteController.php (40)
in /var/www/html/invzo/yii-master/honda_admin/index.php (17)
2018/01/20 21:47:31 [error] [exception.CException] CException: Certificates has an invalid validation rule. The rule must specify attributes to be validated and the validator name. in /var/www/html/invzo/yii-master/framework/base/CModel.php:289
Stack trace:
#0 /var/www/html/invzo/yii-master/framework/base/CModel.php(260): CModel->createValidators()
#1 /var/www/html/invzo/yii-master/framework/web/helpers/CHtml.php(2454): CModel->getValidators('name')
#2 /var/www/html/invzo/yii-master/framework/web/helpers/CHtml.php(1540): CHtml::activeInputField('text', Object(Certificates), 'name', Array)
#3 /var/www/html/invzo/yii-master/framework/web/widgets/CActiveForm.php(792): CHtml::activeTextField(Object(Certificates), 'name', Array)
#4 /var/www/html/invzo/yii-master/honda_admin/protected/views/site/index.php(24): CActiveForm->textField(Object(Certificates), 'name', Array)
#5 /var/www/html/invzo/yii-master/framework/web/CBaseController.php(126): require('/var/www/html/i...')
#6 /var/www/html/invzo/yii-master/framework/web/CBaseController.php(95): CBaseController->renderInternal('/var/www/html/i...', Array, true)
#7 /var/www/html/invzo/yii-master/framework/web/CController.php(872): CBaseController->renderFile('/var/www/html/i...', Array, true)
#8 /var/www/html/invzo/yii-master/framework/web/CController.php(785): CController->renderPartial('index', Array, true)
#9 /var/www/html/invzo/yii-master/honda_admin/protected/controllers/SiteController.php(40): CController->render('index', Array)
#10 /var/www/html/invzo/yii-master/framework/web/actions/CInlineAction.php(49): SiteController->actionIndex()
#11 /var/www/html/invzo/yii-master/framework/web/CController.php(308): CInlineAction->runWithParams(Array)
#12 /var/www/html/invzo/yii-master/framework/web/CController.php(286): CController->runAction(Object(CInlineAction))
#13 /var/www/html/invzo/yii-master/framework/web/CController.php(265): CController->runActionWithFilters(Object(CInlineAction), Array)
#14 /var/www/html/invzo/yii-master/framework/web/CWebApplication.php(282): CController->run('index')
#15 /var/www/html/invzo/yii-master/framework/web/CWebApplication.php(141): CWebApplication->runController('site/index')
#16 /var/www/html/invzo/yii-master/framework/base/CApplication.php(185): CWebApplication->processRequest()
#17 /var/www/html/invzo/yii-master/honda_admin/index.php(17): CApplication->run()
#18 {main}
REQUEST_URI=/invzo/yii-master/honda_admin/index.php/site/index
---
2018/01/20 21:59:02 [warning] [application] Failed to set unsafe attribute "template_file" of "Certificates".
in /var/www/html/invzo/yii-master/honda_admin/protected/controllers/SiteController.php (31)
in /var/www/html/invzo/yii-master/honda_admin/index.php (17)
2018/01/20 21:59:02 [warning] [application] Failed to set unsafe attribute "description" of "Certificates".
in /var/www/html/invzo/yii-master/honda_admin/protected/controllers/SiteController.php (31)
in /var/www/html/invzo/yii-master/honda_admin/index.php (17)
2018/01/20 21:59:51 [warning] [application] Failed to set unsafe attribute "template_file" of "Certificates".
in /var/www/html/invzo/yii-master/honda_admin/protected/controllers/SiteController.php (31)
in /var/www/html/invzo/yii-master/honda_admin/index.php (17)
2018/01/20 21:59:51 [warning] [application] Failed to set unsafe attribute "description" of "Certificates".
in /var/www/html/invzo/yii-master/honda_admin/protected/controllers/SiteController.php (31)
in /var/www/html/invzo/yii-master/honda_admin/index.php (17)
2018/01/20 22:00:33 [warning] [application] Failed to set unsafe attribute "template_file" of "Certificates".
in /var/www/html/invzo/yii-master/honda_admin/protected/controllers/SiteController.php (31)
in /var/www/html/invzo/yii-master/honda_admin/index.php (17)
2018/01/20 22:00:33 [warning] [application] Failed to set unsafe attribute "description" of "Certificates".
in /var/www/html/invzo/yii-master/honda_admin/protected/controllers/SiteController.php (31)
in /var/www/html/invzo/yii-master/honda_admin/index.php (17)
2018/01/20 22:00:33 [error] [exception.CException] CException: Certificates and its behaviors do not have a method or closure named "save". in /var/www/html/invzo/yii-master/framework/base/CComponent.php:266
Stack trace:
#0 /var/www/html/invzo/yii-master/honda_admin/protected/controllers/SiteController.php(34): CComponent->__call('save', Array)
#1 /var/www/html/invzo/yii-master/framework/web/actions/CInlineAction.php(49): SiteController->actionIndex()
#2 /var/www/html/invzo/yii-master/framework/web/CController.php(308): CInlineAction->runWithParams(Array)
#3 /var/www/html/invzo/yii-master/framework/web/CController.php(286): CController->runAction(Object(CInlineAction))
#4 /var/www/html/invzo/yii-master/framework/web/CController.php(265): CController->runActionWithFilters(Object(CInlineAction), Array)
#5 /var/www/html/invzo/yii-master/framework/web/CWebApplication.php(282): CController->run('index')
#6 /var/www/html/invzo/yii-master/framework/web/CWebApplication.php(141): CWebApplication->runController('site/index')
#7 /var/www/html/invzo/yii-master/framework/base/CApplication.php(185): CWebApplication->processRequest()
#8 /var/www/html/invzo/yii-master/honda_admin/index.php(17): CApplication->run()
#9 {main}
REQUEST_URI=/invzo/yii-master/honda_admin/index.php/site/index
HTTP_REFERER=http://localhost/invzo/yii-master/honda_admin/index.php/site/index
---
2018/01/20 22:12:29 [warning] [application] Failed to set unsafe attribute "template_file" of "Certificates".
in /var/www/html/invzo/yii-master/honda_admin/protected/controllers/SiteController.php (31)
in /var/www/html/invzo/yii-master/honda_admin/index.php (17)
2018/01/20 22:12:29 [warning] [application] Failed to set unsafe attribute "description" of "Certificates".
in /var/www/html/invzo/yii-master/honda_admin/protected/controllers/SiteController.php (31)
in /var/www/html/invzo/yii-master/honda_admin/index.php (17)
2018/01/20 22:38:36 [warning] [application] Failed to set unsafe attribute "description" of "Certificates".
in /var/www/html/invzo/yii-master/honda_admin/protected/controllers/SiteController.php (31)
in /var/www/html/invzo/yii-master/honda_admin/index.php (17)
2018/01/20 22:38:56 [warning] [application] Failed to set unsafe attribute "description" of "Certificates".
in /var/www/html/invzo/yii-master/honda_admin/protected/controllers/SiteController.php (31)
in /var/www/html/invzo/yii-master/honda_admin/index.php (17)
2018/01/20 22:39:31 [warning] [application] Failed to set unsafe attribute "description" of "Certificates".
in /var/www/html/invzo/yii-master/honda_admin/protected/controllers/SiteController.php (31)
in /var/www/html/invzo/yii-master/honda_admin/index.php (17)
2018/01/20 22:48:44 [warning] [application] Failed to set unsafe attribute "description" of "Certificates".
in /var/www/html/invzo/yii-master/honda_admin/protected/controllers/SiteController.php (31)
in /var/www/html/invzo/yii-master/honda_admin/index.php (17)
2018/01/20 22:49:52 [error] [exception.CException] CException: Certificates and its behaviors do not have a method or closure named "save". in /var/www/html/invzo/yii-master/framework/base/CComponent.php:266
Stack trace:
#0 /var/www/html/invzo/yii-master/honda_admin/protected/controllers/SiteController.php(35): CComponent->__call('save', Array)
#1 /var/www/html/invzo/yii-master/framework/web/actions/CInlineAction.php(49): SiteController->actionIndex()
#2 /var/www/html/invzo/yii-master/framework/web/CController.php(308): CInlineAction->runWithParams(Array)
#3 /var/www/html/invzo/yii-master/framework/web/CController.php(286): CController->runAction(Object(CInlineAction))
#4 /var/www/html/invzo/yii-master/framework/web/CController.php(265): CController->runActionWithFilters(Object(CInlineAction), Array)
#5 /var/www/html/invzo/yii-master/framework/web/CWebApplication.php(282): CController->run('index')
#6 /var/www/html/invzo/yii-master/framework/web/CWebApplication.php(141): CWebApplication->runController('site/index')
#7 /var/www/html/invzo/yii-master/framework/base/CApplication.php(185): CWebApplication->processRequest()
#8 /var/www/html/invzo/yii-master/honda_admin/index.php(17): CApplication->run()
#9 {main}
REQUEST_URI=/invzo/yii-master/honda_admin/index.php/site/index
HTTP_REFERER=http://localhost/invzo/yii-master/honda_admin/index.php/site/index
---
2018/01/20 22:51:03 [error] [exception.CException] CException: Certificates and its behaviors do not have a method or closure named "save". in /var/www/html/invzo/yii-master/framework/base/CComponent.php:266
Stack trace:
#0 /var/www/html/invzo/yii-master/honda_admin/protected/controllers/SiteController.php(35): CComponent->__call('save', Array)
#1 /var/www/html/invzo/yii-master/framework/web/actions/CInlineAction.php(49): SiteController->actionIndex()
#2 /var/www/html/invzo/yii-master/framework/web/CController.php(308): CInlineAction->runWithParams(Array)
#3 /var/www/html/invzo/yii-master/framework/web/CController.php(286): CController->runAction(Object(CInlineAction))
#4 /var/www/html/invzo/yii-master/framework/web/CController.php(265): CController->runActionWithFilters(Object(CInlineAction), Array)
#5 /var/www/html/invzo/yii-master/framework/web/CWebApplication.php(282): CController->run('index')
#6 /var/www/html/invzo/yii-master/framework/web/CWebApplication.php(141): CWebApplication->runController('site/index')
#7 /var/www/html/invzo/yii-master/framework/base/CApplication.php(185): CWebApplication->processRequest()
#8 /var/www/html/invzo/yii-master/honda_admin/index.php(17): CApplication->run()
#9 {main}
REQUEST_URI=/invzo/yii-master/honda_admin/index.php/site/index
HTTP_REFERER=http://localhost/invzo/yii-master/honda_admin/index.php/site/index
---
2018/01/20 22:52:51 [error] [exception.CException] CException: Certificates and its behaviors do not have a method or closure named "save". in /var/www/html/invzo/yii-master/framework/base/CComponent.php:266
Stack trace:
#0 /var/www/html/invzo/yii-master/honda_admin/protected/controllers/SiteController.php(35): CComponent->__call('save', Array)
#1 /var/www/html/invzo/yii-master/framework/web/actions/CInlineAction.php(49): SiteController->actionIndex()
#2 /var/www/html/invzo/yii-master/framework/web/CController.php(308): CInlineAction->runWithParams(Array)
#3 /var/www/html/invzo/yii-master/framework/web/CController.php(286): CController->runAction(Object(CInlineAction))
#4 /var/www/html/invzo/yii-master/framework/web/CController.php(265): CController->runActionWithFilters(Object(CInlineAction), Array)
#5 /var/www/html/invzo/yii-master/framework/web/CWebApplication.php(282): CController->run('index')
#6 /var/www/html/invzo/yii-master/framework/web/CWebApplication.php(141): CWebApplication->runController('site/index')
#7 /var/www/html/invzo/yii-master/framework/base/CApplication.php(185): CWebApplication->processRequest()
#8 /var/www/html/invzo/yii-master/honda_admin/index.php(17): CApplication->run()
#9 {main}
REQUEST_URI=/invzo/yii-master/honda_admin/index.php/site/index
HTTP_REFERER=http://localhost/invzo/yii-master/honda_admin/index.php/site/index
---
2018/01/20 22:56:41 [error] [exception.CException] CException: Certificates and its behaviors do not have a method or closure named "save". in /var/www/html/invzo/yii-master/framework/base/CComponent.php:266
Stack trace:
#0 /var/www/html/invzo/yii-master/honda_admin/protected/controllers/SiteController.php(35): CComponent->__call('save', Array)
#1 /var/www/html/invzo/yii-master/framework/web/actions/CInlineAction.php(49): SiteController->actionIndex()
#2 /var/www/html/invzo/yii-master/framework/web/CController.php(308): CInlineAction->runWithParams(Array)
#3 /var/www/html/invzo/yii-master/framework/web/CController.php(286): CController->runAction(Object(CInlineAction))
#4 /var/www/html/invzo/yii-master/framework/web/CController.php(265): CController->runActionWithFilters(Object(CInlineAction), Array)
#5 /var/www/html/invzo/yii-master/framework/web/CWebApplication.php(282): CController->run('index')
#6 /var/www/html/invzo/yii-master/framework/web/CWebApplication.php(141): CWebApplication->runController('site/index')
#7 /var/www/html/invzo/yii-master/framework/base/CApplication.php(185): CWebApplication->processRequest()
#8 /var/www/html/invzo/yii-master/honda_admin/index.php(17): CApplication->run()
#9 {main}
REQUEST_URI=/invzo/yii-master/honda_admin/index.php/site/index
HTTP_REFERER=http://localhost/invzo/yii-master/honda_admin/index.php/site/index
---
2018/01/20 23:03:44 [error] [system.db.CDbCommand] CDbCommand::execute() failed: SQLSTATE[HY000]: General error: 1364 Field 'created_at' doesn't have a default value. The SQL statement executed was: INSERT INTO `certificates` (`active`, `name`, `description`, `template_file`) VALUES (:yp0, :yp1, :yp2, :yp3).
in /var/www/html/invzo/yii-master/honda_admin/protected/controllers/SiteController.php (35)
in /var/www/html/invzo/yii-master/honda_admin/index.php (17)
2018/01/20 23:03:44 [error] [exception.CDbException] CDbException: CDbCommand failed to execute the SQL statement: SQLSTATE[HY000]: General error: 1364 Field 'created_at' doesn't have a default value. The SQL statement executed was: INSERT INTO `certificates` (`active`, `name`, `description`, `template_file`) VALUES (:yp0, :yp1, :yp2, :yp3) in /var/www/html/invzo/yii-master/framework/db/CDbCommand.php:358
Stack trace:
#0 /var/www/html/invzo/yii-master/framework/db/ar/CActiveRecord.php(1083): CDbCommand->execute()
#1 /var/www/html/invzo/yii-master/framework/db/ar/CActiveRecord.php(811): CActiveRecord->insert(NULL)
#2 /var/www/html/invzo/yii-master/honda_admin/protected/controllers/SiteController.php(35): CActiveRecord->save(false)
#3 /var/www/html/invzo/yii-master/framework/web/actions/CInlineAction.php(49): SiteController->actionIndex()
#4 /var/www/html/invzo/yii-master/framework/web/CController.php(308): CInlineAction->runWithParams(Array)
#5 /var/www/html/invzo/yii-master/framework/web/CController.php(286): CController->runAction(Object(CInlineAction))
#6 /var/www/html/invzo/yii-master/framework/web/CController.php(265): CController->runActionWithFilters(Object(CInlineAction), Array)
#7 /var/www/html/invzo/yii-master/framework/web/CWebApplication.php(282): CController->run('index')
#8 /var/www/html/invzo/yii-master/framework/web/CWebApplication.php(141): CWebApplication->runController('site/index')
#9 /var/www/html/invzo/yii-master/framework/base/CApplication.php(185): CWebApplication->processRequest()
#10 /var/www/html/invzo/yii-master/honda_admin/index.php(17): CApplication->run()
#11 {main}
REQUEST_URI=/invzo/yii-master/honda_admin/index.php/site/index
HTTP_REFERER=http://localhost/invzo/yii-master/honda_admin/index.php/site/index
---
2018/01/20 23:10:49 [error] [system.db.CDbCommand] CDbCommand::execute() failed: SQLSTATE[HY000]: General error: 1364 Field 'created_at' doesn't have a default value. The SQL statement executed was: INSERT INTO `certificates` (`active`, `name`, `description`, `template_file`) VALUES (:yp0, :yp1, :yp2, :yp3).
in /var/www/html/invzo/yii-master/honda_admin/protected/controllers/SiteController.php (35)
in /var/www/html/invzo/yii-master/honda_admin/index.php (17)
2018/01/20 23:10:49 [error] [exception.CDbException] CDbException: CDbCommand failed to execute the SQL statement: SQLSTATE[HY000]: General error: 1364 Field 'created_at' doesn't have a default value. The SQL statement executed was: INSERT INTO `certificates` (`active`, `name`, `description`, `template_file`) VALUES (:yp0, :yp1, :yp2, :yp3) in /var/www/html/invzo/yii-master/framework/db/CDbCommand.php:358
Stack trace:
#0 /var/www/html/invzo/yii-master/framework/db/ar/CActiveRecord.php(1083): CDbCommand->execute()
#1 /var/www/html/invzo/yii-master/framework/db/ar/CActiveRecord.php(811): CActiveRecord->insert(NULL)
#2 /var/www/html/invzo/yii-master/honda_admin/protected/controllers/SiteController.php(35): CActiveRecord->save(false)
#3 /var/www/html/invzo/yii-master/framework/web/actions/CInlineAction.php(49): SiteController->actionIndex()
#4 /var/www/html/invzo/yii-master/framework/web/CController.php(308): CInlineAction->runWithParams(Array)
#5 /var/www/html/invzo/yii-master/framework/web/CController.php(286): CController->runAction(Object(CInlineAction))
#6 /var/www/html/invzo/yii-master/framework/web/CController.php(265): CController->runActionWithFilters(Object(CInlineAction), Array)
#7 /var/www/html/invzo/yii-master/framework/web/CWebApplication.php(282): CController->run('index')
#8 /var/www/html/invzo/yii-master/framework/web/CWebApplication.php(141): CWebApplication->runController('site/index')
#9 /var/www/html/invzo/yii-master/framework/base/CApplication.php(185): CWebApplication->processRequest()
#10 /var/www/html/invzo/yii-master/honda_admin/index.php(17): CApplication->run()
#11 {main}
REQUEST_URI=/invzo/yii-master/honda_admin/index.php/site/index
HTTP_REFERER=http://localhost/invzo/yii-master/honda_admin/index.php/site/index
---
2018/01/20 23:31:45 [error] [php] Undefined variable: file (/var/www/html/invzo/yii-master/honda_admin/protected/controllers/SiteController.php:37)
Stack trace:
#0 /var/www/html/invzo/yii-master/framework/web/CController.php(286): SiteController->runAction()
#1 /var/www/html/invzo/yii-master/framework/web/CController.php(265): SiteController->runActionWithFilters()
#2 /var/www/html/invzo/yii-master/framework/web/CWebApplication.php(282): SiteController->run()
#3 /var/www/html/invzo/yii-master/framework/web/CWebApplication.php(141): CWebApplication->runController()
#4 /var/www/html/invzo/yii-master/framework/base/CApplication.php(185): CWebApplication->processRequest()
#5 /var/www/html/invzo/yii-master/honda_admin/index.php(17): CWebApplication->run()
REQUEST_URI=/invzo/yii-master/honda_admin/index.php/site/index
in /var/www/html/invzo/yii-master/honda_admin/protected/controllers/SiteController.php (37)
in /var/www/html/invzo/yii-master/honda_admin/index.php (17)
2018/01/20 23:44:56 [error] [exception.ParseError] ParseError: syntax error, unexpected '$this' (T_VARIABLE), expecting function (T_FUNCTION) or const (T_CONST) in /var/www/html/invzo/yii-master/honda_admin/protected/controllers/SiteController.php:60
Stack trace:
#0 /var/www/html/invzo/yii-master/framework/web/CWebApplication.php(276): CWebApplication->createController('index/')
#1 /var/www/html/invzo/yii-master/framework/web/CWebApplication.php(141): CWebApplication->runController('site/index')
#2 /var/www/html/invzo/yii-master/framework/base/CApplication.php(185): CWebApplication->processRequest()
#3 /var/www/html/invzo/yii-master/honda_admin/index.php(17): CApplication->run()
#4 {main}
REQUEST_URI=/invzo/yii-master/honda_admin/index.php/site/index
HTTP_REFERER=http://localhost/invzo/yii-master/honda_admin/index.php/site/index
---
2018/01/20 23:57:09 [error] [exception.CException] CException: Property "CWebApplication.image" is not defined. in /var/www/html/invzo/yii-master/framework/base/CComponent.php:130
Stack trace:
#0 /var/www/html/invzo/yii-master/framework/base/CModule.php(105): CComponent->__get('image')
#1 /var/www/html/invzo/yii-master/honda_admin/protected/controllers/SiteController.php(43): CModule->__get('image')
#2 /var/www/html/invzo/yii-master/framework/web/actions/CInlineAction.php(49): SiteController->actionIndex()
#3 /var/www/html/invzo/yii-master/framework/web/CController.php(308): CInlineAction->runWithParams(Array)
#4 /var/www/html/invzo/yii-master/framework/web/CController.php(286): CController->runAction(Object(CInlineAction))
#5 /var/www/html/invzo/yii-master/framework/web/CController.php(265): CController->runActionWithFilters(Object(CInlineAction), Array)
#6 /var/www/html/invzo/yii-master/framework/web/CWebApplication.php(282): CController->run('index')
#7 /var/www/html/invzo/yii-master/framework/web/CWebApplication.php(141): CWebApplication->runController('site/index')
#8 /var/www/html/invzo/yii-master/framework/base/CApplication.php(185): CWebApplication->processRequest()
#9 /var/www/html/invzo/yii-master/honda_admin/index.php(17): CApplication->run()
#10 {main}
REQUEST_URI=/invzo/yii-master/honda_admin/index.php/site/index
HTTP_REFERER=http://localhost/invzo/yii-master/honda_admin/index.php/site/index
---
2018/01/21 00:04:10 [error] [exception.Error] Error: Call to a member function getExtensionName() on string in /var/www/html/invzo/yii-master/honda_admin/protected/controllers/SiteController.php:38
Stack trace:
#0 /var/www/html/invzo/yii-master/framework/web/actions/CInlineAction.php(49): SiteController->actionIndex()
#1 /var/www/html/invzo/yii-master/framework/web/CController.php(308): CInlineAction->runWithParams(Array)
#2 /var/www/html/invzo/yii-master/framework/web/CController.php(286): CController->runAction(Object(CInlineAction))
#3 /var/www/html/invzo/yii-master/framework/web/CController.php(265): CController->runActionWithFilters(Object(CInlineAction), Array)
#4 /var/www/html/invzo/yii-master/framework/web/CWebApplication.php(282): CController->run('index')
#5 /var/www/html/invzo/yii-master/framework/web/CWebApplication.php(141): CWebApplication->runController('site/index')
#6 /var/www/html/invzo/yii-master/framework/base/CApplication.php(185): CWebApplication->processRequest()
#7 /var/www/html/invzo/yii-master/honda_admin/index.php(17): CApplication->run()
#8 {main}
REQUEST_URI=/invzo/yii-master/honda_admin/index.php/site/index
HTTP_REFERER=http://localhost/invzo/yii-master/honda_admin/index.php/site/index
---
2018/01/21 00:31:59 [error] [exception.Error] Error: Call to a member function getExtensionName() on null in /var/www/html/invzo/yii-master/honda_admin/protected/controllers/SiteController.php:40
Stack trace:
#0 /var/www/html/invzo/yii-master/framework/web/actions/CInlineAction.php(49): SiteController->actionIndex()
#1 /var/www/html/invzo/yii-master/framework/web/CController.php(308): CInlineAction->runWithParams(Array)
#2 /var/www/html/invzo/yii-master/framework/web/CController.php(286): CController->runAction(Object(CInlineAction))
#3 /var/www/html/invzo/yii-master/framework/web/CController.php(265): CController->runActionWithFilters(Object(CInlineAction), Array)
#4 /var/www/html/invzo/yii-master/framework/web/CWebApplication.php(282): CController->run('index')
#5 /var/www/html/invzo/yii-master/framework/web/CWebApplication.php(141): CWebApplication->runController('site/index')
#6 /var/www/html/invzo/yii-master/framework/base/CApplication.php(185): CWebApplication->processRequest()
#7 /var/www/html/invzo/yii-master/honda_admin/index.php(17): CApplication->run()
#8 {main}
REQUEST_URI=/invzo/yii-master/honda_admin/index.php/site/index
HTTP_REFERER=http://localhost/invzo/yii-master/honda_admin/index.php/site/index
---
2018/01/21 00:48:46 [error] [exception.Error] Error: Call to a member function getExtensionName() on null in /var/www/html/invzo/yii-master/honda_admin/protected/controllers/SiteController.php:38
Stack trace:
#0 /var/www/html/invzo/yii-master/framework/web/actions/CInlineAction.php(49): SiteController->actionIndex()
#1 /var/www/html/invzo/yii-master/framework/web/CController.php(308): CInlineAction->runWithParams(Array)
#2 /var/www/html/invzo/yii-master/framework/web/CController.php(286): CController->runAction(Object(CInlineAction))
#3 /var/www/html/invzo/yii-master/framework/web/CController.php(265): CController->runActionWithFilters(Object(CInlineAction), Array)
#4 /var/www/html/invzo/yii-master/framework/web/CWebApplication.php(282): CController->run('index')
#5 /var/www/html/invzo/yii-master/framework/web/CWebApplication.php(141): CWebApplication->runController('site/index')
#6 /var/www/html/invzo/yii-master/framework/base/CApplication.php(185): CWebApplication->processRequest()
#7 /var/www/html/invzo/yii-master/honda_admin/index.php(17): CApplication->run()
#8 {main}
REQUEST_URI=/invzo/yii-master/honda_admin/index.php/site/index
HTTP_REFERER=http://localhost/invzo/yii-master/honda_admin/index.php/site/index
---
2018/01/21 00:49:29 [error] [exception.Error] Error: Call to a member function getExtensionName() on null in /var/www/html/invzo/yii-master/honda_admin/protected/controllers/SiteController.php:39
Stack trace:
#0 /var/www/html/invzo/yii-master/framework/web/actions/CInlineAction.php(49): SiteController->actionIndex()
#1 /var/www/html/invzo/yii-master/framework/web/CController.php(308): CInlineAction->runWithParams(Array)
#2 /var/www/html/invzo/yii-master/framework/web/CController.php(286): CController->runAction(Object(CInlineAction))
#3 /var/www/html/invzo/yii-master/framework/web/CController.php(265): CController->runActionWithFilters(Object(CInlineAction), Array)
#4 /var/www/html/invzo/yii-master/framework/web/CWebApplication.php(282): CController->run('index')
#5 /var/www/html/invzo/yii-master/framework/web/CWebApplication.php(141): CWebApplication->runController('site/index')
#6 /var/www/html/invzo/yii-master/framework/base/CApplication.php(185): CWebApplication->processRequest()
#7 /var/www/html/invzo/yii-master/honda_admin/index.php(17): CApplication->run()
#8 {main}
REQUEST_URI=/invzo/yii-master/honda_admin/index.php/site/index
HTTP_REFERER=http://localhost/invzo/yii-master/honda_admin/index.php/site/index
---
2018/01/21 00:49:37 [error] [exception.Error] Error: Call to a member function getExtensionName() on null in /var/www/html/invzo/yii-master/honda_admin/protected/controllers/SiteController.php:39
Stack trace:
#0 /var/www/html/invzo/yii-master/framework/web/actions/CInlineAction.php(49): SiteController->actionIndex()
#1 /var/www/html/invzo/yii-master/framework/web/CController.php(308): CInlineAction->runWithParams(Array)
#2 /var/www/html/invzo/yii-master/framework/web/CController.php(286): CController->runAction(Object(CInlineAction))
#3 /var/www/html/invzo/yii-master/framework/web/CController.php(265): CController->runActionWithFilters(Object(CInlineAction), Array)
#4 /var/www/html/invzo/yii-master/framework/web/CWebApplication.php(282): CController->run('index')
#5 /var/www/html/invzo/yii-master/framework/web/CWebApplication.php(141): CWebApplication->runController('site/index')
#6 /var/www/html/invzo/yii-master/framework/base/CApplication.php(185): CWebApplication->processRequest()
#7 /var/www/html/invzo/yii-master/honda_admin/index.php(17): CApplication->run()
#8 {main}
REQUEST_URI=/invzo/yii-master/honda_admin/index.php/site/index
HTTP_REFERER=http://localhost/invzo/yii-master/honda_admin/index.php/site/index
---
2018/01/21 01:08:56 [error] [exception.CHttpException.400] CHttpException: Your request is invalid. in /var/www/html/invzo/yii-master/framework/web/CController.php:337
Stack trace:
#0 /var/www/html/invzo/yii-master/framework/web/CController.php(309): CController->invalidActionParams(Object(CInlineAction))
#1 /var/www/html/invzo/yii-master/framework/web/CController.php(286): CController->runAction(Object(CInlineAction))
#2 /var/www/html/invzo/yii-master/framework/web/CController.php(265): CController->runActionWithFilters(Object(CInlineAction), Array)
#3 /var/www/html/invzo/yii-master/framework/web/CWebApplication.php(282): CController->run('configure')
#4 /var/www/html/invzo/yii-master/framework/web/CWebApplication.php(141): CWebApplication->runController('site/configure/...')
#5 /var/www/html/invzo/yii-master/framework/base/CApplication.php(185): CWebApplication->processRequest()
#6 /var/www/html/invzo/yii-master/honda_admin/index.php(17): CApplication->run()
#7 {main}
REQUEST_URI=/invzo/yii-master/honda_admin/index.php/site/configure/images/42645306.jpg
HTTP_REFERER=http://localhost/invzo/yii-master/honda_admin/index.php/site/configure/14
---
2018/01/21 01:18:42 [error] [exception.CHttpException.404] CHttpException: The system is unable to find the requested action "images". in /var/www/html/invzo/yii-master/framework/web/CController.php:486
Stack trace:
#0 /var/www/html/invzo/yii-master/framework/web/CController.php(270): CController->missingAction('images')
#1 /var/www/html/invzo/yii-master/framework/web/CWebApplication.php(282): CController->run('images')
#2 /var/www/html/invzo/yii-master/framework/web/CWebApplication.php(141): CWebApplication->runController('site/images/cer...')
#3 /var/www/html/invzo/yii-master/framework/base/CApplication.php(185): CWebApplication->processRequest()
#4 /var/www/html/invzo/yii-master/honda_admin/index.php(17): CApplication->run()
#5 {main}
REQUEST_URI=/invzo/yii-master/honda_admin/index.php/site/images/certificates/5a6393624e3df.jpg
HTTP_REFERER=http://localhost/invzo/yii-master/honda_admin/index.php/site/configure/14
---
2018/01/21 01:20:01 [error] [exception.CHttpException.404] CHttpException: The system is unable to find the requested action "images". in /var/www/html/invzo/yii-master/framework/web/CController.php:486
Stack trace:
#0 /var/www/html/invzo/yii-master/framework/web/CController.php(270): CController->missingAction('images')
#1 /var/www/html/invzo/yii-master/framework/web/CWebApplication.php(282): CController->run('images')
#2 /var/www/html/invzo/yii-master/framework/web/CWebApplication.php(141): CWebApplication->runController('site/images/cer...')
#3 /var/www/html/invzo/yii-master/framework/base/CApplication.php(185): CWebApplication->processRequest()
#4 /var/www/html/invzo/yii-master/honda_admin/index.php(17): CApplication->run()
#5 {main}
REQUEST_URI=/invzo/yii-master/honda_admin/index.php/site/images/certificates/5a6393624e3df.jpg
HTTP_REFERER=http://localhost/invzo/yii-master/honda_admin/index.php/site/configure/14
---
2018/01/21 01:22:30 [error] [exception.CHttpException.404] CHttpException: The system is unable to find the requested action "images". in /var/www/html/invzo/yii-master/framework/web/CController.php:486
Stack trace:
#0 /var/www/html/invzo/yii-master/framework/web/CController.php(270): CController->missingAction('images')
#1 /var/www/html/invzo/yii-master/framework/web/CWebApplication.php(282): CController->run('images')
#2 /var/www/html/invzo/yii-master/framework/web/CWebApplication.php(141): CWebApplication->runController('site/images/cer...')
#3 /var/www/html/invzo/yii-master/framework/base/CApplication.php(185): CWebApplication->processRequest()
#4 /var/www/html/invzo/yii-master/honda_admin/index.php(17): CApplication->run()
#5 {main}
REQUEST_URI=/invzo/yii-master/honda_admin/index.php/site/images/certificates/5a6393624e3df.jpg
HTTP_REFERER=http://localhost/invzo/yii-master/honda_admin/index.php/site/configure/14
---
2018/01/21 01:24:29 [error] [exception.CHttpException.404] CHttpException: The system is unable to find the requested action "images". in /var/www/html/invzo/yii-master/framework/web/CController.php:486
Stack trace:
#0 /var/www/html/invzo/yii-master/framework/web/CController.php(270): CController->missingAction('images')
#1 /var/www/html/invzo/yii-master/framework/web/CWebApplication.php(282): CController->run('images')
#2 /var/www/html/invzo/yii-master/framework/web/CWebApplication.php(141): CWebApplication->runController('site/images/cer...')
#3 /var/www/html/invzo/yii-master/framework/base/CApplication.php(185): CWebApplication->processRequest()
#4 /var/www/html/invzo/yii-master/honda_admin/index.php(17): CApplication->run()
#5 {main}
REQUEST_URI=/invzo/yii-master/honda_admin/index.php/site/images/certificates/5a6393624e3df.jpg
HTTP_REFERER=http://localhost/invzo/yii-master/honda_admin/index.php/site/configure/14
---
